2019-06-05 11:04:27,569 INFO (StartupInfoLogger.java:50)- Starting DataCenterMailServiceTest on LAPTOP-MFJJQEG3 with PID 15652 (started by 刘文义 in D:\projectdata\JavaProjectData\demo\zing\zing-web)
2019-06-05 11:04:27,614 INFO (SpringApplication.java:675)- No active profile set, falling back to default profiles: default
2019-06-05 11:04:35,288 INFO (StartupInfoLogger.java:59)- Started DataCenterMailServiceTest in 9.153 seconds (JVM running for 11.017)
2019-06-05 11:19:54,222 INFO (StartupInfoLogger.java:50)- Starting DataCenterMailServiceTest on LAPTOP-MFJJQEG3 with PID 11796 (started by 刘文义 in D:\projectdata\JavaProjectData\demo\zing\zing-web)
2019-06-05 11:19:54,231 INFO (SpringApplication.java:675)- No active profile set, falling back to default profiles: default
2019-06-05 11:20:03,668 INFO (StartupInfoLogger.java:59)- Started DataCenterMailServiceTest in 10.268 seconds (JVM running for 12.352)
2019-06-05 11:23:03,522 INFO (StartupInfoLogger.java:50)- Starting DataCenterMailServiceTest on LAPTOP-MFJJQEG3 with PID 5288 (started by 刘文义 in D:\projectdata\JavaProjectData\demo\zing\zing-web)
2019-06-05 11:23:03,525 INFO (SpringApplication.java:675)- No active profile set, falling back to default profiles: default
2019-06-05 11:23:12,401 INFO (StartupInfoLogger.java:59)- Started DataCenterMailServiceTest in 10.414 seconds (JVM running for 13.532)
2019-06-05 11:23:43,119 INFO (StartupInfoLogger.java:50)- Starting DataCenterMailServiceTest on LAPTOP-MFJJQEG3 with PID 13112 (started by 刘文义 in D:\projectdata\JavaProjectData\demo\zing\zing-web)
2019-06-05 11:23:43,123 INFO (SpringApplication.java:675)- No active profile set, falling back to default profiles: default
2019-06-05 11:23:51,864 INFO (StartupInfoLogger.java:59)- Started DataCenterMailServiceTest in 9.875 seconds (JVM running for 11.39)
2019-06-05 11:28:38,165 INFO (StartupInfoLogger.java:50)- Starting DataCenterMailServiceTest on LAPTOP-MFJJQEG3 with PID 17976 (started by 刘文义 in D:\projectdata\JavaProjectData\demo\zing\zing-web)
2019-06-05 11:28:38,167 INFO (SpringApplication.java:675)- No active profile set, falling back to default profiles: default
2019-06-05 11:28:47,753 INFO (StartupInfoLogger.java:59)- Started DataCenterMailServiceTest in 10.594 seconds (JVM running for 12.212)
2019-06-05 11:29:20,843 INFO (StartupInfoLogger.java:50)- Starting DataCenterMailServiceTest on LAPTOP-MFJJQEG3 with PID 18852 (started by 刘文义 in D:\projectdata\JavaProjectData\demo\zing\zing-web)
2019-06-05 11:29:20,846 INFO (SpringApplication.java:675)- No active profile set, falling back to default profiles: default
2019-06-05 11:29:30,012 INFO (StartupInfoLogger.java:59)- Started DataCenterMailServiceTest in 10.124 seconds (JVM running for 11.807)
2019-06-05 11:30:51,269 INFO (StartupInfoLogger.java:50)- Starting DataCenterMailServiceTest on LAPTOP-MFJJQEG3 with PID 17068 (started by 刘文义 in D:\projectdata\JavaProjectData\demo\zing\zing-web)
2019-06-05 11:30:51,279 INFO (SpringApplication.java:675)- No active profile set, falling back to default profiles: default
2019-06-05 11:31:00,018 INFO (StartupInfoLogger.java:59)- Started DataCenterMailServiceTest in 9.805 seconds (JVM running for 11.545)
2019-06-05 11:38:29,412 INFO (StartupInfoLogger.java:50)- Starting DataCenterMailServiceTest on LAPTOP-MFJJQEG3 with PID 9424 (started by 刘文义 in D:\projectdata\JavaProjectData\demo\zing\zing-web)
2019-06-05 11:38:29,415 INFO (SpringApplication.java:675)- No active profile set, falling back to default profiles: default
2019-06-05 11:38:37,764 INFO (StartupInfoLogger.java:59)- Started DataCenterMailServiceTest in 9.373 seconds (JVM running for 11.397)
2019-06-05 13:39:15,272 INFO (StartupInfoLogger.java:50)- Starting DataCenterMailServiceTest on LAPTOP-MFJJQEG3 with PID 17092 (started by 刘文义 in D:\projectdata\JavaProjectData\demo\zing\zing-web)
2019-06-05 13:39:15,275 INFO (SpringApplication.java:675)- No active profile set, falling back to default profiles: default
2019-06-05 13:39:23,959 INFO (StartupInfoLogger.java:59)- Started DataCenterMailServiceTest in 9.763 seconds (JVM running for 11.458)
2019-06-05 13:40:36,746 INFO (StartupInfoLogger.java:50)- Starting DataCenterMailServiceTest on LAPTOP-MFJJQEG3 with PID 12464 (started by 刘文义 in D:\projectdata\JavaProjectData\demo\zing\zing-web)
2019-06-05 13:40:36,749 INFO (SpringApplication.java:675)- No active profile set, falling back to default profiles: default
2019-06-05 13:40:44,502 INFO (StartupInfoLogger.java:59)- Started DataCenterMailServiceTest in 8.665 seconds (JVM running for 10.254)
2019-06-05 14:31:05,806 INFO (StartupInfoLogger.java:50)- Starting DataCenterMailServiceTest on LAPTOP-MFJJQEG3 with PID 13472 (started by 刘文义 in D:\projectdata\JavaProjectData\demo\zing\zing-web)
2019-06-05 14:31:05,809 INFO (SpringApplication.java:675)- No active profile set, falling back to default profiles: default
2019-06-05 14:31:14,860 INFO (StartupInfoLogger.java:59)- Started DataCenterMailServiceTest in 10.333 seconds (JVM running for 11.991)
2019-06-05 14:31:15,800 ERROR (DataCenterMailServiceImpl.java:55)- 当日服务取消数据数据为空，不用生成Excel文件
2019-06-05 14:39:33,385 INFO (StartupInfoLogger.java:50)- Starting DataCenterMailServiceTest on LAPTOP-MFJJQEG3 with PID 14680 (started by 刘文义 in D:\projectdata\JavaProjectData\demo\zing\zing-web)
2019-06-05 14:39:33,387 INFO (SpringApplication.java:675)- No active profile set, falling back to default profiles: default
2019-06-05 14:39:41,709 INFO (StartupInfoLogger.java:59)- Started DataCenterMailServiceTest in 9.927 seconds (JVM running for 12.101)
2019-06-05 14:39:43,030 ERROR (DataCenterMailServiceImpl.java:56)- 当日服务取消数据数据为空，不用生成Excel文件
2019-06-05 14:51:43,668 INFO (StartupInfoLogger.java:50)- Starting DataCenterMailServiceTest on LAPTOP-MFJJQEG3 with PID 10796 (started by 刘文义 in D:\projectdata\JavaProjectData\demo\zing\zing-web)
2019-06-05 14:51:43,679 INFO (SpringApplication.java:675)- No active profile set, falling back to default profiles: default
2019-06-05 14:51:52,411 INFO (StartupInfoLogger.java:59)- Started DataCenterMailServiceTest in 9.7 seconds (JVM running for 11.608)
2019-06-05 14:51:53,480 ERROR (DataCenterMailServiceImpl.java:56)- 当日服务取消数据数据为空，不用生成Excel文件
2019-06-05 15:09:05,598 INFO (StartupInfoLogger.java:50)- Starting DataCenterMailServiceTest on LAPTOP-MFJJQEG3 with PID 16092 (started by 刘文义 in D:\projectdata\JavaProjectData\demo\zing\zing-web)
2019-06-05 15:09:05,603 INFO (SpringApplication.java:675)- No active profile set, falling back to default profiles: default
2019-06-05 15:09:17,587 INFO (StartupInfoLogger.java:59)- Started DataCenterMailServiceTest in 12.845 seconds (JVM running for 14.45)
2019-06-05 15:09:18,984 ERROR (DataCenterMailServiceImpl.java:56)- 当日服务取消数据数据为空，不用生成Excel文件
2019-06-05 15:15:17,705 INFO (StartupInfoLogger.java:50)- Starting DataCenterMailServiceTest on LAPTOP-MFJJQEG3 with PID 780 (started by 刘文义 in D:\projectdata\JavaProjectData\demo\zing\zing-web)
2019-06-05 15:15:17,708 INFO (SpringApplication.java:675)- No active profile set, falling back to default profiles: default
2019-06-05 15:15:27,211 INFO (StartupInfoLogger.java:59)- Started DataCenterMailServiceTest in 10.85 seconds (JVM running for 12.978)
2019-06-05 15:15:28,093 ERROR (DataCenterMailServiceImpl.java:56)- 当日服务取消数据数据为空，不用生成Excel文件
2019-06-05 15:15:28,167 ERROR (MailServiceImpl.java:41)- 附件为空，取消发送
