2019-05-28 15:39:19,914 INFO (StartupInfoLogger.java:50)- Starting MailTest on LAPTOP-MFJJQEG3 with PID 13056 (started by 刘文义 in D:\projectdata\JavaProjectData\demo\zing\zing-web)
2019-05-28 15:39:19,929 INFO (SpringApplication.java:675)- No active profile set, falling back to default profiles: default
2019-05-28 15:39:31,116 INFO (StartupInfoLogger.java:59)- Started MailTest in 12.839 seconds (JVM running for 15.903)
2019-05-28 15:39:31,748 ERROR (MailServiceImpl.java:41)- 邮件发送异常，原因是：Could not parse mail; nested exception is javax.mail.internet.AddressException: Illegal address in string ``''
2019-05-28 15:50:43,969 INFO (StartupInfoLogger.java:50)- Starting MailTest on LAPTOP-MFJJQEG3 with PID 8996 (started by 刘文义 in D:\projectdata\JavaProjectData\demo\zing\zing-web)
2019-05-28 15:50:43,998 INFO (SpringApplication.java:675)- No active profile set, falling back to default profiles: default
2019-05-28 15:50:51,977 INFO (StartupInfoLogger.java:59)- Started MailTest in 9.034 seconds (JVM running for 10.816)
2019-05-28 15:50:52,724 ERROR (MailServiceImpl.java:41)- 邮件发送异常，原因是：Could not parse mail; nested exception is javax.mail.internet.AddressException: Illegal address in string ``''
2019-05-28 15:53:12,484 INFO (StartupInfoLogger.java:50)- Starting MailTest on LAPTOP-MFJJQEG3 with PID 14544 (started by 刘文义 in D:\projectdata\JavaProjectData\demo\zing\zing-web)
2019-05-28 15:53:12,536 INFO (SpringApplication.java:675)- No active profile set, falling back to default profiles: default
2019-05-28 15:53:22,539 INFO (StartupInfoLogger.java:59)- Started MailTest in 10.935 seconds (JVM running for 12.618)
2019-05-28 15:53:34,064 ERROR (MailServiceImpl.java:41)- 邮件发送异常，原因是：Authentication failed; nested exception is javax.mail.AuthenticationFailedException: 550 User has no permission

2019-05-28 16:44:31,196 INFO (StartupInfoLogger.java:50)- Starting MailTest on LAPTOP-MFJJQEG3 with PID 6568 (started by 刘文义 in D:\projectdata\JavaProjectData\demo\zing\zing-web)
2019-05-28 16:44:31,205 INFO (SpringApplication.java:675)- No active profile set, falling back to default profiles: default
2019-05-28 16:44:41,833 INFO (StartupInfoLogger.java:59)- Started MailTest in 13.545 seconds (JVM running for 20.008)
2019-05-28 16:44:53,266 ERROR (MailServiceImpl.java:41)- 邮件发送异常，原因是：Authentication failed; nested exception is javax.mail.AuthenticationFailedException: 550 User has no permission

2019-05-28 16:46:34,624 INFO (StartupInfoLogger.java:50)- Starting MailTest on LAPTOP-MFJJQEG3 with PID 9124 (started by 刘文义 in D:\projectdata\JavaProjectData\demo\zing\zing-web)
2019-05-28 16:46:34,631 INFO (SpringApplication.java:675)- No active profile set, falling back to default profiles: default
2019-05-28 16:46:42,735 INFO (StartupInfoLogger.java:59)- Started MailTest in 8.832 seconds (JVM running for 10.78)
2019-05-28 16:46:53,668 ERROR (MailServiceImpl.java:41)- 邮件发送异常，原因是：Authentication failed; nested exception is javax.mail.AuthenticationFailedException: 550 User has no permission

2019-05-28 16:59:10,263 INFO (StartupInfoLogger.java:50)- Starting MailTest on LAPTOP-MFJJQEG3 with PID 15480 (started by 刘文义 in D:\projectdata\JavaProjectData\demo\zing\zing-web)
2019-05-28 16:59:10,293 INFO (SpringApplication.java:675)- No active profile set, falling back to default profiles: default
2019-05-28 16:59:18,270 INFO (StartupInfoLogger.java:59)- Started MailTest in 9.054 seconds (JVM running for 10.856)
2019-05-28 17:00:19,249 ERROR (MailServiceImpl.java:41)- 邮件发送异常，原因是：Mail server connection failed; nested exception is javax.mail.MessagingException: Could not connect to SMTP host: smtp.exmail.qq.com, port: 465, response: -1. Failed messages: javax.mail.MessagingException: Could not connect to SMTP host: smtp.exmail.qq.com, port: 465, response: -1
2019-05-28 17:01:19,173 INFO (StartupInfoLogger.java:50)- Starting MailTest on LAPTOP-MFJJQEG3 with PID 13004 (started by 刘文义 in D:\projectdata\JavaProjectData\demo\zing\zing-web)
2019-05-28 17:01:19,200 INFO (SpringApplication.java:675)- No active profile set, falling back to default profiles: default
2019-05-28 17:01:28,722 INFO (StartupInfoLogger.java:59)- Started MailTest in 10.497 seconds (JVM running for 12.312)
2019-05-28 17:01:50,807 INFO (MailServiceImpl.java:38)- 邮件发送成功
2019-05-28 17:09:33,825 INFO (StartupInfoLogger.java:50)- Starting MailTest on LAPTOP-MFJJQEG3 with PID 7408 (started by 刘文义 in D:\projectdata\JavaProjectData\demo\zing\zing-web)
2019-05-28 17:09:33,828 INFO (SpringApplication.java:675)- No active profile set, falling back to default profiles: default
2019-05-28 17:09:43,000 INFO (StartupInfoLogger.java:59)- Started MailTest in 9.923 seconds (JVM running for 11.475)
2019-05-28 17:10:09,526 INFO (MailServiceImpl.java:38)- 邮件发送成功
2019-05-28 17:20:08,632 INFO (StartupInfoLogger.java:50)- Starting MailTest on LAPTOP-MFJJQEG3 with PID 3704 (started by 刘文义 in D:\projectdata\JavaProjectData\demo\zing\zing-web)
2019-05-28 17:20:08,639 INFO (SpringApplication.java:675)- No active profile set, falling back to default profiles: default
2019-05-28 17:20:17,234 INFO (StartupInfoLogger.java:59)- Started MailTest in 9.558 seconds (JVM running for 11.136)
2019-05-28 17:20:39,050 INFO (MailServiceImpl.java:38)- 邮件发送成功
2019-05-28 17:32:20,624 INFO (StartupInfoLogger.java:50)- Starting MailTest on LAPTOP-MFJJQEG3 with PID 2592 (started by 刘文义 in D:\projectdata\JavaProjectData\demo\zing\zing-web)
2019-05-28 17:32:20,626 INFO (SpringApplication.java:675)- No active profile set, falling back to default profiles: default
2019-05-28 17:32:30,067 INFO (StartupInfoLogger.java:59)- Started MailTest in 10.322 seconds (JVM running for 12.022)
2019-05-28 17:32:51,471 INFO (MailServiceImpl.java:38)- 邮件发送成功
2019-05-28 17:40:11,616 INFO (StartupInfoLogger.java:50)- Starting MailTest on LAPTOP-MFJJQEG3 with PID 2144 (started by 刘文义 in D:\projectdata\JavaProjectData\demo\zing\zing-web)
2019-05-28 17:40:11,622 INFO (SpringApplication.java:675)- No active profile set, falling back to default profiles: default
2019-05-28 17:40:19,792 INFO (StartupInfoLogger.java:59)- Started MailTest in 8.944 seconds (JVM running for 10.92)
2019-05-28 17:40:41,329 INFO (MailServiceImpl.java:38)- 邮件发送成功
