2019-05-22 15:29:18,802 INFO (StartupInfoLogger.java:50)- Starting ZingApplication on LAPTOP-MFJJQEG3 with PID 10700 (D:\projectdata\JavaProjectData\demo\zing\zing-web\target\classes started by 刘文义 in D:\projectdata\JavaProjectData\demo\zing)
2019-05-22 15:29:18,809 INFO (SpringApplication.java:675)- No active profile set, falling back to default profiles: default
2019-05-22 15:29:24,367 INFO (StartupInfoLogger.java:59)- Started ZingApplication in 6.315 seconds (JVM running for 7.475)
2019-05-22 15:31:08,766 INFO (StartupInfoLogger.java:50)- Starting ZingApplication on LAPTOP-MFJJQEG3 with PID 11536 (D:\projectdata\JavaProjectData\demo\zing\zing-web\target\classes started by 刘文义 in D:\projectdata\JavaProjectData\demo\zing)
2019-05-22 15:31:08,772 INFO (SpringApplication.java:675)- No active profile set, falling back to default profiles: default
2019-05-22 15:31:13,626 INFO (StartupInfoLogger.java:59)- Started ZingApplication in 5.708 seconds (JVM running for 6.705)
2019-05-22 15:34:13,570 INFO (StartupInfoLogger.java:50)- Starting ZingApplication on LAPTOP-MFJJQEG3 with PID 9844 (D:\projectdata\JavaProjectData\demo\zing\zing-web\target\classes started by 刘文义 in D:\projectdata\JavaProjectData\demo\zing)
2019-05-22 15:34:13,575 INFO (SpringApplication.java:675)- No active profile set, falling back to default profiles: default
2019-05-22 15:34:18,175 INFO (StartupInfoLogger.java:59)- Started ZingApplication in 5.557 seconds (JVM running for 6.688)
2019-05-22 15:38:51,988 INFO (StartupInfoLogger.java:50)- Starting ZingApplication on LAPTOP-MFJJQEG3 with PID 15652 (D:\projectdata\JavaProjectData\demo\zing\zing-web\target\classes started by 刘文义 in D:\projectdata\JavaProjectData\demo\zing)
2019-05-22 15:38:51,993 INFO (SpringApplication.java:675)- No active profile set, falling back to default profiles: default
2019-05-22 15:38:57,588 INFO (StartupInfoLogger.java:59)- Started ZingApplication in 6.277 seconds (JVM running for 7.295)
2019-05-22 15:40:17,914 INFO (StartupInfoLogger.java:50)- Starting ZingApplication on LAPTOP-MFJJQEG3 with PID 15504 (D:\projectdata\JavaProjectData\demo\zing\zing-web\target\classes started by 刘文义 in D:\projectdata\JavaProjectData\demo\zing)
2019-05-22 15:40:17,917 INFO (SpringApplication.java:675)- No active profile set, falling back to default profiles: default
2019-05-22 15:40:22,572 INFO (StartupInfoLogger.java:59)- Started ZingApplication in 5.29 seconds (JVM running for 6.423)
2019-05-22 15:48:20,276 INFO (StartupInfoLogger.java:50)- Starting ZingApplication on LAPTOP-MFJJQEG3 with PID 17736 (D:\projectdata\JavaProjectData\demo\zing\zing-web\target\classes started by 刘文义 in D:\projectdata\JavaProjectData\demo\zing)
2019-05-22 15:48:20,281 INFO (SpringApplication.java:675)- No active profile set, falling back to default profiles: default
2019-05-22 15:48:25,066 INFO (StartupInfoLogger.java:59)- Started ZingApplication in 5.445 seconds (JVM running for 6.805)
2019-05-22 16:31:00,767 INFO (StartupInfoLogger.java:50)- Starting ZingApplication on LAPTOP-MFJJQEG3 with PID 9304 (D:\projectdata\JavaProjectData\demo\zing\zing-web\target\classes started by 刘文义 in D:\projectdata\JavaProjectData\demo\zing)
2019-05-22 16:31:00,775 INFO (SpringApplication.java:675)- No active profile set, falling back to default profiles: default
2019-05-22 16:31:05,390 INFO (StartupInfoLogger.java:59)- Started ZingApplication in 5.365 seconds (JVM running for 6.742)
2019-05-22 16:31:30,167 ERROR (BayesClassifier.java:68)- 文件加载失败，原因：..\data\question\ill\prevent.txt (系统找不到指定的路径。)
2019-05-22 16:31:30,169 ERROR (BayesClassifier.java:68)- 文件加载失败，原因：..\data\question\ill\cause.txt (系统找不到指定的路径。)
2019-05-22 16:31:30,171 ERROR (BayesClassifier.java:68)- 文件加载失败，原因：..\data\question\ill\desc.txt (系统找不到指定的路径。)
2019-05-22 16:31:30,173 ERROR (BayesClassifier.java:68)- 文件加载失败，原因：..\data\question\sym\check.txt (系统找不到指定的路径。)
2019-05-22 16:31:30,175 ERROR (BayesClassifier.java:68)- 文件加载失败，原因：..\data\question\ill\cureway.txt (系统找不到指定的路径。)
2019-05-22 16:31:30,177 ERROR (BayesClassifier.java:68)- 文件加载失败，原因：..\data\question\ill\check.txt (系统找不到指定的路径。)
2019-05-22 16:31:30,179 ERROR (BayesClassifier.java:68)- 文件加载失败，原因：..\data\question\ill\drug.txt (系统找不到指定的路径。)
2019-05-22 16:31:30,181 ERROR (BayesClassifier.java:68)- 文件加载失败，原因：..\data\question\ill\sym.txt (系统找不到指定的路径。)
2019-05-22 16:31:30,183 ERROR (BayesClassifier.java:68)- 文件加载失败，原因：..\data\question\ill\dis.txt (系统找不到指定的路径。)
2019-05-22 16:31:30,185 ERROR (BayesClassifier.java:68)- 文件加载失败，原因：..\data\question\ill\department.txt (系统找不到指定的路径。)
2019-05-22 16:31:30,187 ERROR (BayesClassifier.java:68)- 文件加载失败，原因：..\data\question\sym\dis.txt (系统找不到指定的路径。)
2019-05-22 16:31:30,189 ERROR (BayesClassifier.java:68)- 文件加载失败，原因：..\data\question\sym\drug.txt (系统找不到指定的路径。)
2019-05-22 16:31:30,191 ERROR (BayesClassifier.java:68)- 文件加载失败，原因：..\data\question\sym\cureway.txt (系统找不到指定的路径。)
2019-05-22 16:31:30,199 ERROR (BayesClassifier.java:68)- 文件加载失败，原因：..\data\question\ill\prevent.txt (系统找不到指定的路径。)
2019-05-22 16:31:30,201 ERROR (BayesClassifier.java:68)- 文件加载失败，原因：..\data\question\ill\cause.txt (系统找不到指定的路径。)
2019-05-22 16:31:30,203 ERROR (BayesClassifier.java:68)- 文件加载失败，原因：..\data\question\ill\desc.txt (系统找不到指定的路径。)
2019-05-22 16:31:30,205 ERROR (BayesClassifier.java:68)- 文件加载失败，原因：..\data\question\sym\check.txt (系统找不到指定的路径。)
2019-05-22 16:31:30,207 ERROR (BayesClassifier.java:68)- 文件加载失败，原因：..\data\question\ill\cureway.txt (系统找不到指定的路径。)
2019-05-22 16:31:30,208 ERROR (BayesClassifier.java:68)- 文件加载失败，原因：..\data\question\ill\check.txt (系统找不到指定的路径。)
2019-05-22 16:31:30,215 ERROR (BayesClassifier.java:68)- 文件加载失败，原因：..\data\question\ill\drug.txt (系统找不到指定的路径。)
2019-05-22 16:31:30,217 ERROR (BayesClassifier.java:68)- 文件加载失败，原因：..\data\question\ill\sym.txt (系统找不到指定的路径。)
2019-05-22 16:31:30,219 ERROR (BayesClassifier.java:68)- 文件加载失败，原因：..\data\question\ill\dis.txt (系统找不到指定的路径。)
2019-05-22 16:31:30,221 ERROR (BayesClassifier.java:68)- 文件加载失败，原因：..\data\question\ill\department.txt (系统找不到指定的路径。)
2019-05-22 16:31:30,223 ERROR (BayesClassifier.java:68)- 文件加载失败，原因：..\data\question\sym\dis.txt (系统找不到指定的路径。)
2019-05-22 16:31:30,225 ERROR (BayesClassifier.java:68)- 文件加载失败，原因：..\data\question\sym\drug.txt (系统找不到指定的路径。)
2019-05-22 16:31:30,227 ERROR (BayesClassifier.java:68)- 文件加载失败，原因：..\data\question\sym\cureway.txt (系统找不到指定的路径。)
2019-05-22 16:33:43,383 INFO (StartupInfoLogger.java:50)- Starting ZingApplication on LAPTOP-MFJJQEG3 with PID 18532 (D:\projectdata\JavaProjectData\demo\zing\zing-web\target\classes started by 刘文义 in D:\projectdata\JavaProjectData\demo\zing)
2019-05-22 16:33:43,387 INFO (SpringApplication.java:675)- No active profile set, falling back to default profiles: default
2019-05-22 16:33:47,782 INFO (StartupInfoLogger.java:59)- Started ZingApplication in 5.132 seconds (JVM running for 6.299)
2019-05-22 16:33:54,699 ERROR (BayesClassifier.java:68)- 文件加载失败，原因：..\data\question\ill\prevent.txt (系统找不到指定的路径。)
2019-05-22 16:33:54,701 ERROR (BayesClassifier.java:68)- 文件加载失败，原因：..\data\question\ill\cause.txt (系统找不到指定的路径。)
2019-05-22 16:33:54,703 ERROR (BayesClassifier.java:68)- 文件加载失败，原因：..\data\question\ill\desc.txt (系统找不到指定的路径。)
2019-05-22 16:33:54,705 ERROR (BayesClassifier.java:68)- 文件加载失败，原因：..\data\question\sym\check.txt (系统找不到指定的路径。)
2019-05-22 16:33:54,707 ERROR (BayesClassifier.java:68)- 文件加载失败，原因：..\data\question\ill\cureway.txt (系统找不到指定的路径。)
2019-05-22 16:33:54,709 ERROR (BayesClassifier.java:68)- 文件加载失败，原因：..\data\question\ill\check.txt (系统找不到指定的路径。)
2019-05-22 16:33:54,711 ERROR (BayesClassifier.java:68)- 文件加载失败，原因：..\data\question\ill\drug.txt (系统找不到指定的路径。)
2019-05-22 16:33:54,718 ERROR (BayesClassifier.java:68)- 文件加载失败，原因：..\data\question\ill\sym.txt (系统找不到指定的路径。)
2019-05-22 16:33:54,720 ERROR (BayesClassifier.java:68)- 文件加载失败，原因：..\data\question\ill\dis.txt (系统找不到指定的路径。)
2019-05-22 16:33:54,722 ERROR (BayesClassifier.java:68)- 文件加载失败，原因：..\data\question\ill\department.txt (系统找不到指定的路径。)
2019-05-22 16:33:54,724 ERROR (BayesClassifier.java:68)- 文件加载失败，原因：..\data\question\sym\dis.txt (系统找不到指定的路径。)
2019-05-22 16:33:54,726 ERROR (BayesClassifier.java:68)- 文件加载失败，原因：..\data\question\sym\drug.txt (系统找不到指定的路径。)
2019-05-22 16:33:54,728 ERROR (BayesClassifier.java:68)- 文件加载失败，原因：..\data\question\sym\cureway.txt (系统找不到指定的路径。)
2019-05-22 16:33:54,736 ERROR (BayesClassifier.java:68)- 文件加载失败，原因：..\data\question\ill\prevent.txt (系统找不到指定的路径。)
2019-05-22 16:33:54,738 ERROR (BayesClassifier.java:68)- 文件加载失败，原因：..\data\question\ill\cause.txt (系统找不到指定的路径。)
2019-05-22 16:33:54,739 ERROR (BayesClassifier.java:68)- 文件加载失败，原因：..\data\question\ill\desc.txt (系统找不到指定的路径。)
2019-05-22 16:33:54,741 ERROR (BayesClassifier.java:68)- 文件加载失败，原因：..\data\question\sym\check.txt (系统找不到指定的路径。)
2019-05-22 16:33:54,743 ERROR (BayesClassifier.java:68)- 文件加载失败，原因：..\data\question\ill\cureway.txt (系统找不到指定的路径。)
2019-05-22 16:33:54,745 ERROR (BayesClassifier.java:68)- 文件加载失败，原因：..\data\question\ill\check.txt (系统找不到指定的路径。)
2019-05-22 16:33:54,747 ERROR (BayesClassifier.java:68)- 文件加载失败，原因：..\data\question\ill\drug.txt (系统找不到指定的路径。)
2019-05-22 16:33:54,749 ERROR (BayesClassifier.java:68)- 文件加载失败，原因：..\data\question\ill\sym.txt (系统找不到指定的路径。)
2019-05-22 16:33:54,751 ERROR (BayesClassifier.java:68)- 文件加载失败，原因：..\data\question\ill\dis.txt (系统找不到指定的路径。)
2019-05-22 16:33:54,753 ERROR (BayesClassifier.java:68)- 文件加载失败，原因：..\data\question\ill\department.txt (系统找不到指定的路径。)
2019-05-22 16:33:54,755 ERROR (BayesClassifier.java:68)- 文件加载失败，原因：..\data\question\sym\dis.txt (系统找不到指定的路径。)
2019-05-22 16:33:54,757 ERROR (BayesClassifier.java:68)- 文件加载失败，原因：..\data\question\sym\drug.txt (系统找不到指定的路径。)
2019-05-22 16:33:54,759 ERROR (BayesClassifier.java:68)- 文件加载失败，原因：..\data\question\sym\cureway.txt (系统找不到指定的路径。)
2019-05-22 16:35:19,497 INFO (StartupInfoLogger.java:50)- Starting ZingApplication on LAPTOP-MFJJQEG3 with PID 2268 (D:\projectdata\JavaProjectData\demo\zing\zing-web\target\classes started by 刘文义 in D:\projectdata\JavaProjectData\demo\zing)
2019-05-22 16:35:19,520 INFO (SpringApplication.java:675)- No active profile set, falling back to default profiles: default
2019-05-22 16:35:24,741 INFO (StartupInfoLogger.java:59)- Started ZingApplication in 5.958 seconds (JVM running for 7.358)
2019-05-22 16:35:29,275 ERROR (BayesClassifier.java:68)- 文件加载失败，原因：..\data\question\ill\prevent.txt (系统找不到指定的路径。)
2019-05-22 16:35:29,277 ERROR (BayesClassifier.java:68)- 文件加载失败，原因：..\data\question\ill\cause.txt (系统找不到指定的路径。)
2019-05-22 16:35:29,279 ERROR (BayesClassifier.java:68)- 文件加载失败，原因：..\data\question\ill\desc.txt (系统找不到指定的路径。)
2019-05-22 16:35:29,281 ERROR (BayesClassifier.java:68)- 文件加载失败，原因：..\data\question\sym\check.txt (系统找不到指定的路径。)
2019-05-22 16:35:29,284 ERROR (BayesClassifier.java:68)- 文件加载失败，原因：..\data\question\ill\cureway.txt (系统找不到指定的路径。)
2019-05-22 16:35:29,286 ERROR (BayesClassifier.java:68)- 文件加载失败，原因：..\data\question\ill\check.txt (系统找不到指定的路径。)
2019-05-22 16:35:29,288 ERROR (BayesClassifier.java:68)- 文件加载失败，原因：..\data\question\ill\drug.txt (系统找不到指定的路径。)
2019-05-22 16:35:29,289 ERROR (BayesClassifier.java:68)- 文件加载失败，原因：..\data\question\ill\sym.txt (系统找不到指定的路径。)
2019-05-22 16:35:29,291 ERROR (BayesClassifier.java:68)- 文件加载失败，原因：..\data\question\ill\dis.txt (系统找不到指定的路径。)
2019-05-22 16:35:29,293 ERROR (BayesClassifier.java:68)- 文件加载失败，原因：..\data\question\ill\department.txt (系统找不到指定的路径。)
2019-05-22 16:35:29,295 ERROR (BayesClassifier.java:68)- 文件加载失败，原因：..\data\question\sym\dis.txt (系统找不到指定的路径。)
2019-05-22 16:35:29,297 ERROR (BayesClassifier.java:68)- 文件加载失败，原因：..\data\question\sym\drug.txt (系统找不到指定的路径。)
2019-05-22 16:35:29,300 ERROR (BayesClassifier.java:68)- 文件加载失败，原因：..\data\question\sym\cureway.txt (系统找不到指定的路径。)
2019-05-22 16:35:29,308 ERROR (BayesClassifier.java:68)- 文件加载失败，原因：..\data\question\ill\prevent.txt (系统找不到指定的路径。)
2019-05-22 16:35:29,310 ERROR (BayesClassifier.java:68)- 文件加载失败，原因：..\data\question\ill\cause.txt (系统找不到指定的路径。)
2019-05-22 16:35:29,312 ERROR (BayesClassifier.java:68)- 文件加载失败，原因：..\data\question\ill\desc.txt (系统找不到指定的路径。)
2019-05-22 16:35:29,314 ERROR (BayesClassifier.java:68)- 文件加载失败，原因：..\data\question\sym\check.txt (系统找不到指定的路径。)
2019-05-22 16:35:29,316 ERROR (BayesClassifier.java:68)- 文件加载失败，原因：..\data\question\ill\cureway.txt (系统找不到指定的路径。)
2019-05-22 16:35:29,318 ERROR (BayesClassifier.java:68)- 文件加载失败，原因：..\data\question\ill\check.txt (系统找不到指定的路径。)
2019-05-22 16:35:29,320 ERROR (BayesClassifier.java:68)- 文件加载失败，原因：..\data\question\ill\drug.txt (系统找不到指定的路径。)
2019-05-22 16:35:29,322 ERROR (BayesClassifier.java:68)- 文件加载失败，原因：..\data\question\ill\sym.txt (系统找不到指定的路径。)
2019-05-22 16:35:29,324 ERROR (BayesClassifier.java:68)- 文件加载失败，原因：..\data\question\ill\dis.txt (系统找不到指定的路径。)
2019-05-22 16:35:29,325 ERROR (BayesClassifier.java:68)- 文件加载失败，原因：..\data\question\ill\department.txt (系统找不到指定的路径。)
2019-05-22 16:35:29,332 ERROR (BayesClassifier.java:68)- 文件加载失败，原因：..\data\question\sym\dis.txt (系统找不到指定的路径。)
2019-05-22 16:35:29,334 ERROR (BayesClassifier.java:68)- 文件加载失败，原因：..\data\question\sym\drug.txt (系统找不到指定的路径。)
2019-05-22 16:35:29,336 ERROR (BayesClassifier.java:68)- 文件加载失败，原因：..\data\question\sym\cureway.txt (系统找不到指定的路径。)
2019-05-22 16:37:37,355 INFO (StartupInfoLogger.java:50)- Starting ZingApplication on LAPTOP-MFJJQEG3 with PID 3644 (D:\projectdata\JavaProjectData\demo\zing\zing-web\target\classes started by 刘文义 in D:\projectdata\JavaProjectData\demo\zing)
2019-05-22 16:37:37,360 INFO (SpringApplication.java:675)- No active profile set, falling back to default profiles: default
2019-05-22 16:37:42,113 INFO (StartupInfoLogger.java:59)- Started ZingApplication in 5.595 seconds (JVM running for 6.99)
2019-05-22 16:37:47,751 ERROR (BayesClassifier.java:68)- 文件加载失败，原因：..\data\question\ill\prevent.txt (系统找不到指定的路径。)
2019-05-22 16:37:47,753 ERROR (BayesClassifier.java:68)- 文件加载失败，原因：..\data\question\ill\cause.txt (系统找不到指定的路径。)
2019-05-22 16:37:47,755 ERROR (BayesClassifier.java:68)- 文件加载失败，原因：..\data\question\ill\desc.txt (系统找不到指定的路径。)
2019-05-22 16:37:47,757 ERROR (BayesClassifier.java:68)- 文件加载失败，原因：..\data\question\sym\check.txt (系统找不到指定的路径。)
2019-05-22 16:37:47,759 ERROR (BayesClassifier.java:68)- 文件加载失败，原因：..\data\question\ill\cureway.txt (系统找不到指定的路径。)
2019-05-22 16:37:47,761 ERROR (BayesClassifier.java:68)- 文件加载失败，原因：..\data\question\ill\check.txt (系统找不到指定的路径。)
2019-05-22 16:37:47,763 ERROR (BayesClassifier.java:68)- 文件加载失败，原因：..\data\question\ill\drug.txt (系统找不到指定的路径。)
2019-05-22 16:37:47,765 ERROR (BayesClassifier.java:68)- 文件加载失败，原因：..\data\question\ill\sym.txt (系统找不到指定的路径。)
2019-05-22 16:37:47,767 ERROR (BayesClassifier.java:68)- 文件加载失败，原因：..\data\question\ill\dis.txt (系统找不到指定的路径。)
2019-05-22 16:37:47,769 ERROR (BayesClassifier.java:68)- 文件加载失败，原因：..\data\question\ill\department.txt (系统找不到指定的路径。)
2019-05-22 16:37:47,771 ERROR (BayesClassifier.java:68)- 文件加载失败，原因：..\data\question\sym\dis.txt (系统找不到指定的路径。)
2019-05-22 16:37:47,773 ERROR (BayesClassifier.java:68)- 文件加载失败，原因：..\data\question\sym\drug.txt (系统找不到指定的路径。)
2019-05-22 16:37:47,775 ERROR (BayesClassifier.java:68)- 文件加载失败，原因：..\data\question\sym\cureway.txt (系统找不到指定的路径。)
2019-05-22 16:37:47,782 ERROR (BayesClassifier.java:68)- 文件加载失败，原因：..\data\question\ill\prevent.txt (系统找不到指定的路径。)
2019-05-22 16:37:47,784 ERROR (BayesClassifier.java:68)- 文件加载失败，原因：..\data\question\ill\cause.txt (系统找不到指定的路径。)
2019-05-22 16:37:47,786 ERROR (BayesClassifier.java:68)- 文件加载失败，原因：..\data\question\ill\desc.txt (系统找不到指定的路径。)
2019-05-22 16:37:47,788 ERROR (BayesClassifier.java:68)- 文件加载失败，原因：..\data\question\sym\check.txt (系统找不到指定的路径。)
2019-05-22 16:37:47,790 ERROR (BayesClassifier.java:68)- 文件加载失败，原因：..\data\question\ill\cureway.txt (系统找不到指定的路径。)
2019-05-22 16:37:47,792 ERROR (BayesClassifier.java:68)- 文件加载失败，原因：..\data\question\ill\check.txt (系统找不到指定的路径。)
2019-05-22 16:37:47,794 ERROR (BayesClassifier.java:68)- 文件加载失败，原因：..\data\question\ill\drug.txt (系统找不到指定的路径。)
2019-05-22 16:37:47,795 ERROR (BayesClassifier.java:68)- 文件加载失败，原因：..\data\question\ill\sym.txt (系统找不到指定的路径。)
2019-05-22 16:37:47,797 ERROR (BayesClassifier.java:68)- 文件加载失败，原因：..\data\question\ill\dis.txt (系统找不到指定的路径。)
2019-05-22 16:37:47,803 ERROR (BayesClassifier.java:68)- 文件加载失败，原因：..\data\question\ill\department.txt (系统找不到指定的路径。)
2019-05-22 16:37:47,805 ERROR (BayesClassifier.java:68)- 文件加载失败，原因：..\data\question\sym\dis.txt (系统找不到指定的路径。)
2019-05-22 16:37:47,807 ERROR (BayesClassifier.java:68)- 文件加载失败，原因：..\data\question\sym\drug.txt (系统找不到指定的路径。)
2019-05-22 16:37:47,809 ERROR (BayesClassifier.java:68)- 文件加载失败，原因：..\data\question\sym\cureway.txt (系统找不到指定的路径。)
2019-05-22 16:39:58,535 INFO (StartupInfoLogger.java:50)- Starting ZingApplication on LAPTOP-MFJJQEG3 with PID 12280 (D:\projectdata\JavaProjectData\demo\zing\zing-web\target\classes started by 刘文义 in D:\projectdata\JavaProjectData\demo\zing)
2019-05-22 16:39:58,539 INFO (SpringApplication.java:675)- No active profile set, falling back to default profiles: default
2019-05-22 16:40:03,219 INFO (StartupInfoLogger.java:59)- Started ZingApplication in 5.393 seconds (JVM running for 6.748)
2019-05-22 16:40:09,045 ERROR (BayesClassifier.java:68)- 文件加载失败，原因：D:\projectdata\JavaProjectData\demo\zing\data\ill\prevent.txt (系统找不到指定的路径。)
2019-05-22 16:40:09,048 ERROR (BayesClassifier.java:68)- 文件加载失败，原因：D:\projectdata\JavaProjectData\demo\zing\data\ill\cause.txt (系统找不到指定的路径。)
2019-05-22 16:40:09,050 ERROR (BayesClassifier.java:68)- 文件加载失败，原因：D:\projectdata\JavaProjectData\demo\zing\data\ill\desc.txt (系统找不到指定的路径。)
2019-05-22 16:40:09,052 ERROR (BayesClassifier.java:68)- 文件加载失败，原因：D:\projectdata\JavaProjectData\demo\zing\data\sym\check.txt (系统找不到指定的路径。)
2019-05-22 16:40:09,054 ERROR (BayesClassifier.java:68)- 文件加载失败，原因：D:\projectdata\JavaProjectData\demo\zing\data\ill\cureway.txt (系统找不到指定的路径。)
2019-05-22 16:40:09,056 ERROR (BayesClassifier.java:68)- 文件加载失败，原因：D:\projectdata\JavaProjectData\demo\zing\data\ill\check.txt (系统找不到指定的路径。)
2019-05-22 16:40:09,058 ERROR (BayesClassifier.java:68)- 文件加载失败，原因：D:\projectdata\JavaProjectData\demo\zing\data\ill\drug.txt (系统找不到指定的路径。)
2019-05-22 16:40:09,060 ERROR (BayesClassifier.java:68)- 文件加载失败，原因：D:\projectdata\JavaProjectData\demo\zing\data\ill\sym.txt (系统找不到指定的路径。)
2019-05-22 16:40:09,062 ERROR (BayesClassifier.java:68)- 文件加载失败，原因：D:\projectdata\JavaProjectData\demo\zing\data\ill\dis.txt (系统找不到指定的路径。)
2019-05-22 16:40:09,064 ERROR (BayesClassifier.java:68)- 文件加载失败，原因：D:\projectdata\JavaProjectData\demo\zing\data\ill\department.txt (系统找不到指定的路径。)
2019-05-22 16:40:09,066 ERROR (BayesClassifier.java:68)- 文件加载失败，原因：D:\projectdata\JavaProjectData\demo\zing\data\sym\dis.txt (系统找不到指定的路径。)
2019-05-22 16:40:09,068 ERROR (BayesClassifier.java:68)- 文件加载失败，原因：D:\projectdata\JavaProjectData\demo\zing\data\sym\drug.txt (系统找不到指定的路径。)
2019-05-22 16:40:09,070 ERROR (BayesClassifier.java:68)- 文件加载失败，原因：D:\projectdata\JavaProjectData\demo\zing\data\sym\cureway.txt (系统找不到指定的路径。)
2019-05-22 16:40:09,077 ERROR (BayesClassifier.java:68)- 文件加载失败，原因：D:\projectdata\JavaProjectData\demo\zing\data\ill\prevent.txt (系统找不到指定的路径。)
2019-05-22 16:40:09,079 ERROR (BayesClassifier.java:68)- 文件加载失败，原因：D:\projectdata\JavaProjectData\demo\zing\data\ill\cause.txt (系统找不到指定的路径。)
2019-05-22 16:40:09,081 ERROR (BayesClassifier.java:68)- 文件加载失败，原因：D:\projectdata\JavaProjectData\demo\zing\data\ill\desc.txt (系统找不到指定的路径。)
2019-05-22 16:40:09,083 ERROR (BayesClassifier.java:68)- 文件加载失败，原因：D:\projectdata\JavaProjectData\demo\zing\data\sym\check.txt (系统找不到指定的路径。)
2019-05-22 16:40:09,085 ERROR (BayesClassifier.java:68)- 文件加载失败，原因：D:\projectdata\JavaProjectData\demo\zing\data\ill\cureway.txt (系统找不到指定的路径。)
2019-05-22 16:40:09,087 ERROR (BayesClassifier.java:68)- 文件加载失败，原因：D:\projectdata\JavaProjectData\demo\zing\data\ill\check.txt (系统找不到指定的路径。)
2019-05-22 16:40:09,089 ERROR (BayesClassifier.java:68)- 文件加载失败，原因：D:\projectdata\JavaProjectData\demo\zing\data\ill\drug.txt (系统找不到指定的路径。)
2019-05-22 16:40:09,091 ERROR (BayesClassifier.java:68)- 文件加载失败，原因：D:\projectdata\JavaProjectData\demo\zing\data\ill\sym.txt (系统找不到指定的路径。)
2019-05-22 16:40:09,093 ERROR (BayesClassifier.java:68)- 文件加载失败，原因：D:\projectdata\JavaProjectData\demo\zing\data\ill\dis.txt (系统找不到指定的路径。)
2019-05-22 16:40:09,095 ERROR (BayesClassifier.java:68)- 文件加载失败，原因：D:\projectdata\JavaProjectData\demo\zing\data\ill\department.txt (系统找不到指定的路径。)
2019-05-22 16:40:09,097 ERROR (BayesClassifier.java:68)- 文件加载失败，原因：D:\projectdata\JavaProjectData\demo\zing\data\sym\dis.txt (系统找不到指定的路径。)
2019-05-22 16:40:09,099 ERROR (BayesClassifier.java:68)- 文件加载失败，原因：D:\projectdata\JavaProjectData\demo\zing\data\sym\drug.txt (系统找不到指定的路径。)
2019-05-22 16:40:09,101 ERROR (BayesClassifier.java:68)- 文件加载失败，原因：D:\projectdata\JavaProjectData\demo\zing\data\sym\cureway.txt (系统找不到指定的路径。)
2019-05-22 18:02:43,992 INFO (StartupInfoLogger.java:50)- Starting ZingApplication on LAPTOP-MFJJQEG3 with PID 17984 (D:\projectdata\JavaProjectData\demo\zing\zing-web\target\classes started by 刘文义 in D:\projectdata\JavaProjectData\demo\zing)
2019-05-22 18:02:43,999 INFO (SpringApplication.java:675)- No active profile set, falling back to default profiles: default
2019-05-22 18:02:49,012 INFO (StartupInfoLogger.java:59)- Started ZingApplication in 5.78 seconds (JVM running for 7.326)
2019-05-22 18:03:19,035 INFO (StartupInfoLogger.java:50)- Starting ZingApplication on LAPTOP-MFJJQEG3 with PID 11136 (D:\projectdata\JavaProjectData\demo\zing\zing-web\target\classes started by 刘文义 in D:\projectdata\JavaProjectData\demo\zing)
2019-05-22 18:03:19,042 INFO (SpringApplication.java:675)- No active profile set, falling back to default profiles: default
2019-05-22 18:03:23,485 INFO (StartupInfoLogger.java:59)- Started ZingApplication in 5.155 seconds (JVM running for 6.22)
2019-05-22 18:03:28,992 ERROR (BayesClassifier.java:68)- 文件加载失败，原因：..\data\question\ill\prevent.txt (系统找不到指定的路径。)
2019-05-22 18:03:28,996 ERROR (BayesClassifier.java:68)- 文件加载失败，原因：..\data\question\ill\cause.txt (系统找不到指定的路径。)
2019-05-22 18:03:28,998 ERROR (BayesClassifier.java:68)- 文件加载失败，原因：..\data\question\ill\desc.txt (系统找不到指定的路径。)
2019-05-22 18:03:29,000 ERROR (BayesClassifier.java:68)- 文件加载失败，原因：..\data\question\ill\check.txt (系统找不到指定的路径。)
2019-05-22 18:03:29,003 ERROR (BayesClassifier.java:68)- 文件加载失败，原因：..\data\question\ill\cureway.txt (系统找不到指定的路径。)
2019-05-22 18:03:29,004 ERROR (BayesClassifier.java:68)- 文件加载失败，原因：..\data\question\ill\check.txt (系统找不到指定的路径。)
2019-05-22 18:03:29,007 ERROR (BayesClassifier.java:68)- 文件加载失败，原因：..\data\question\ill\drug.txt (系统找不到指定的路径。)
2019-05-22 18:03:29,009 ERROR (BayesClassifier.java:68)- 文件加载失败，原因：..\data\question\ill\sym.txt (系统找不到指定的路径。)
2019-05-22 18:03:29,011 ERROR (BayesClassifier.java:68)- 文件加载失败，原因：..\data\question\ill\dis.txt (系统找不到指定的路径。)
2019-05-22 18:03:29,013 ERROR (BayesClassifier.java:68)- 文件加载失败，原因：..\data\question\ill\department.txt (系统找不到指定的路径。)
2019-05-22 18:03:29,015 ERROR (BayesClassifier.java:68)- 文件加载失败，原因：..\data\question\sym\dis.txt (系统找不到指定的路径。)
2019-05-22 18:03:29,017 ERROR (BayesClassifier.java:68)- 文件加载失败，原因：..\data\question\sym\drug.txt (系统找不到指定的路径。)
2019-05-22 18:03:29,024 ERROR (BayesClassifier.java:68)- 文件加载失败，原因：..\data\question\ill\prevent.txt (系统找不到指定的路径。)
2019-05-22 18:03:29,030 ERROR (BayesClassifier.java:68)- 文件加载失败，原因：..\data\question\ill\cause.txt (系统找不到指定的路径。)
2019-05-22 18:03:29,032 ERROR (BayesClassifier.java:68)- 文件加载失败，原因：..\data\question\ill\desc.txt (系统找不到指定的路径。)
2019-05-22 18:03:29,033 ERROR (BayesClassifier.java:68)- 文件加载失败，原因：..\data\question\ill\check.txt (系统找不到指定的路径。)
2019-05-22 18:03:29,035 ERROR (BayesClassifier.java:68)- 文件加载失败，原因：..\data\question\ill\cureway.txt (系统找不到指定的路径。)
2019-05-22 18:03:29,037 ERROR (BayesClassifier.java:68)- 文件加载失败，原因：..\data\question\ill\check.txt (系统找不到指定的路径。)
2019-05-22 18:03:29,038 ERROR (BayesClassifier.java:68)- 文件加载失败，原因：..\data\question\ill\drug.txt (系统找不到指定的路径。)
2019-05-22 18:03:29,040 ERROR (BayesClassifier.java:68)- 文件加载失败，原因：..\data\question\ill\sym.txt (系统找不到指定的路径。)
2019-05-22 18:03:29,042 ERROR (BayesClassifier.java:68)- 文件加载失败，原因：..\data\question\ill\dis.txt (系统找不到指定的路径。)
2019-05-22 18:03:29,044 ERROR (BayesClassifier.java:68)- 文件加载失败，原因：..\data\question\ill\department.txt (系统找不到指定的路径。)
2019-05-22 18:03:29,046 ERROR (BayesClassifier.java:68)- 文件加载失败，原因：..\data\question\sym\dis.txt (系统找不到指定的路径。)
2019-05-22 18:03:29,048 ERROR (BayesClassifier.java:68)- 文件加载失败，原因：..\data\question\sym\drug.txt (系统找不到指定的路径。)
2019-05-22 18:05:43,049 INFO (StartupInfoLogger.java:50)- Starting ZingApplication on LAPTOP-MFJJQEG3 with PID 11328 (D:\projectdata\JavaProjectData\demo\zing\zing-web\target\classes started by 刘文义 in D:\projectdata\JavaProjectData\demo\zing)
2019-05-22 18:05:43,057 INFO (SpringApplication.java:675)- No active profile set, falling back to default profiles: default
2019-05-22 18:05:47,543 INFO (StartupInfoLogger.java:59)- Started ZingApplication in 5.192 seconds (JVM running for 6.291)
2019-05-22 18:05:52,921 ERROR (BayesClassifier.java:68)- 文件加载失败，原因：..\..\data\question\ill\prevent.txt (系统找不到指定的路径。)
2019-05-22 18:05:52,923 ERROR (BayesClassifier.java:68)- 文件加载失败，原因：..\..\data\question\ill\cause.txt (系统找不到指定的路径。)
2019-05-22 18:05:52,925 ERROR (BayesClassifier.java:68)- 文件加载失败，原因：..\..\data\question\ill\desc.txt (系统找不到指定的路径。)
2019-05-22 18:05:52,927 ERROR (BayesClassifier.java:68)- 文件加载失败，原因：..\..\data\question\ill\check.txt (系统找不到指定的路径。)
2019-05-22 18:05:52,929 ERROR (BayesClassifier.java:68)- 文件加载失败，原因：..\..\data\question\ill\cureway.txt (系统找不到指定的路径。)
2019-05-22 18:05:52,931 ERROR (BayesClassifier.java:68)- 文件加载失败，原因：..\..\data\question\ill\check.txt (系统找不到指定的路径。)
2019-05-22 18:05:52,933 ERROR (BayesClassifier.java:68)- 文件加载失败，原因：..\..\data\question\ill\drug.txt (系统找不到指定的路径。)
2019-05-22 18:05:52,934 ERROR (BayesClassifier.java:68)- 文件加载失败，原因：..\..\data\question\ill\sym.txt (系统找不到指定的路径。)
2019-05-22 18:05:52,935 ERROR (BayesClassifier.java:68)- 文件加载失败，原因：..\..\data\question\ill\dis.txt (系统找不到指定的路径。)
2019-05-22 18:05:52,937 ERROR (BayesClassifier.java:68)- 文件加载失败，原因：..\..\data\question\ill\department.txt (系统找不到指定的路径。)
2019-05-22 18:05:52,939 ERROR (BayesClassifier.java:68)- 文件加载失败，原因：..\..\data\question\sym\dis.txt (系统找不到指定的路径。)
2019-05-22 18:05:52,941 ERROR (BayesClassifier.java:68)- 文件加载失败，原因：..\..\data\question\sym\drug.txt (系统找不到指定的路径。)
2019-05-22 18:05:52,948 ERROR (BayesClassifier.java:68)- 文件加载失败，原因：..\..\data\question\ill\prevent.txt (系统找不到指定的路径。)
2019-05-22 18:05:52,950 ERROR (BayesClassifier.java:68)- 文件加载失败，原因：..\..\data\question\ill\cause.txt (系统找不到指定的路径。)
2019-05-22 18:05:52,952 ERROR (BayesClassifier.java:68)- 文件加载失败，原因：..\..\data\question\ill\desc.txt (系统找不到指定的路径。)
2019-05-22 18:05:52,954 ERROR (BayesClassifier.java:68)- 文件加载失败，原因：..\..\data\question\ill\check.txt (系统找不到指定的路径。)
2019-05-22 18:05:52,956 ERROR (BayesClassifier.java:68)- 文件加载失败，原因：..\..\data\question\ill\cureway.txt (系统找不到指定的路径。)
2019-05-22 18:05:52,958 ERROR (BayesClassifier.java:68)- 文件加载失败，原因：..\..\data\question\ill\check.txt (系统找不到指定的路径。)
2019-05-22 18:05:52,960 ERROR (BayesClassifier.java:68)- 文件加载失败，原因：..\..\data\question\ill\drug.txt (系统找不到指定的路径。)
2019-05-22 18:05:52,962 ERROR (BayesClassifier.java:68)- 文件加载失败，原因：..\..\data\question\ill\sym.txt (系统找不到指定的路径。)
2019-05-22 18:05:52,964 ERROR (BayesClassifier.java:68)- 文件加载失败，原因：..\..\data\question\ill\dis.txt (系统找不到指定的路径。)
2019-05-22 18:05:52,966 ERROR (BayesClassifier.java:68)- 文件加载失败，原因：..\..\data\question\ill\department.txt (系统找不到指定的路径。)
2019-05-22 18:05:52,968 ERROR (BayesClassifier.java:68)- 文件加载失败，原因：..\..\data\question\sym\dis.txt (系统找不到指定的路径。)
2019-05-22 18:05:52,970 ERROR (BayesClassifier.java:68)- 文件加载失败，原因：..\..\data\question\sym\drug.txt (系统找不到指定的路径。)
2019-05-22 18:06:25,448 INFO (StartupInfoLogger.java:50)- Starting ZingApplication on LAPTOP-MFJJQEG3 with PID 5220 (D:\projectdata\JavaProjectData\demo\zing\zing-web\target\classes started by 刘文义 in D:\projectdata\JavaProjectData\demo\zing)
2019-05-22 18:06:25,454 INFO (SpringApplication.java:675)- No active profile set, falling back to default profiles: default
2019-05-22 18:06:30,483 INFO (StartupInfoLogger.java:59)- Started ZingApplication in 5.734 seconds (JVM running for 6.808)
